<?xml version="1.0" encoding="UTF-8"?>
<!-- Generated by org.testng.reporters.JUnitReportReporter -->
<testsuite hostname="DESKTOP-C39IE4K" name="ClCompare.comparision_xcl.AppTest" tests="1" failures="0" timestamp="6 Jan 2021 16:17:43 GMT" time="0.017" errors="0">
  <testcase name="shouldAnswerWithTrue" time="0.017" classname="ClCompare.comparision_xcl.AppTest"/>
</testsuite> <!-- ClCompare.comparision_xcl.AppTest -->
